  Thongtincanhan.cpp
C:\Users\nglem\source\repos\Thongtincanhan\Thongtincanhan\Thongtincanhan.cpp(26,15): error C2676: binary '>>': 'std::ostream' does not define this operator or a conversion to a type acceptable to the predefined operator
C:\Program Files\Microsoft Visual Studio\2022\Community\VC\Tools\MSVC\14.36.32532\include\istream(902,9): message : could be '_Istr &&std::operator >>(_Istr &&,_Ty &&)'
C:\Users\nglem\source\repos\Thongtincanhan\Thongtincanhan\Thongtincanhan.cpp(26,38): message : '_Istr &&std::operator >>(_Istr &&,_Ty &&)': could not deduce template argument for '__formal'
C:\Program Files\Microsoft Visual Studio\2022\Community\VC\Tools\MSVC\14.36.32532\include\istream(889,31): message : or       'std::basic_istream<char,_Traits> &std::operator >>(std::basic_istream<char,_Traits> &,unsigned char &)'
C:\Users\nglem\source\repos\Thongtincanhan\Thongtincanhan\Thongtincanhan.cpp(26,10): message : 'std::basic_istream<char,_Traits> &std::operator >>(std::basic_istream<char,_Traits> &,unsigned char &)': could not deduce template argument for 'std::basic_istream<char,_Traits> &' from 'std::ostream'
C:\Program Files\Microsoft Visual Studio\2022\Community\VC\Tools\MSVC\14.36.32532\include\istream(883,31): message : or       'std::basic_istream<char,_Traits> &std::operator >>(std::basic_istream<char,_Traits> &,signed char &)'
C:\Users\nglem\source\repos\Thongtincanhan\Thongtincanhan\Thongtincanhan.cpp(26,10): message : 'std::basic_istream<char,_Traits> &std::operator >>(std::basic_istream<char,_Traits> &,signed char &)': could not deduce template argument for 'std::basic_istream<char,_Traits> &' from 'std::ostream'
C:\Program Files\Microsoft Visual Studio\2022\Community\VC\Tools\MSVC\14.36.32532\include\istream(860,32): message : or       'std::basic_istream<_Elem,_Traits> &std::operator >>(std::basic_istream<_Elem,_Traits> &,_Elem &)'
C:\Users\nglem\source\repos\Thongtincanhan\Thongtincanhan\Thongtincanhan.cpp(26,10): message : 'std::basic_istream<_Elem,_Traits> &std::operator >>(std::basic_istream<_Elem,_Traits> &,_Elem &)': could not deduce template argument for 'std::basic_istream<_Elem,_Traits> &' from 'std::ostream'
C:\Program Files\Microsoft Visual Studio\2022\Community\VC\Tools\MSVC\14.36.32532\include\istream(854,31): message : or       'std::basic_istream<char,_Traits> &std::operator >>(std::basic_istream<char,_Traits> &,unsigned char *)'
C:\Users\nglem\source\repos\Thongtincanhan\Thongtincanhan\Thongtincanhan.cpp(26,10): message : 'std::basic_istream<char,_Traits> &std::operator >>(std::basic_istream<char,_Traits> &,unsigned char *)': could not deduce template argument for 'std::basic_istream<char,_Traits> &' from 'std::ostream'
C:\Program Files\Microsoft Visual Studio\2022\Community\VC\Tools\MSVC\14.36.32532\include\istream(849,31): message : or       'std::basic_istream<char,_Traits> &std::operator >>(std::basic_istream<char,_Traits> &,signed char *)'
C:\Users\nglem\source\repos\Thongtincanhan\Thongtincanhan\Thongtincanhan.cpp(26,10): message : 'std::basic_istream<char,_Traits> &std::operator >>(std::basic_istream<char,_Traits> &,signed char *)': could not deduce template argument for 'std::basic_istream<char,_Traits> &' from 'std::ostream'
C:\Program Files\Microsoft Visual Studio\2022\Community\VC\Tools\MSVC\14.36.32532\include\istream(844,32): message : or       'std::basic_istream<_Elem,_Traits> &std::operator >>(std::basic_istream<_Elem,_Traits> &,_Elem *)'
C:\Users\nglem\source\repos\Thongtincanhan\Thongtincanhan\Thongtincanhan.cpp(26,10): message : 'std::basic_istream<_Elem,_Traits> &std::operator >>(std::basic_istream<_Elem,_Traits> &,_Elem *)': could not deduce template argument for 'std::basic_istream<_Elem,_Traits> &' from 'std::ostream'
C:\Program Files\Microsoft Visual Studio\2022\Community\VC\Tools\MSVC\14.36.32532\include\xstring(5172,32): message : or       'std::basic_istream<_Elem,_Traits> &std::operator >>(std::basic_istream<_Elem,_Traits> &,std::basic_string<_Elem,_Traits,_Alloc> &)'
C:\Users\nglem\source\repos\Thongtincanhan\Thongtincanhan\Thongtincanhan.cpp(26,10): message : 'std::basic_istream<_Elem,_Traits> &std::operator >>(std::basic_istream<_Elem,_Traits> &,std::basic_string<_Elem,_Traits,_Alloc> &)': could not deduce template argument for 'std::basic_istream<_Elem,_Traits> &' from 'std::ostream'
C:\Users\nglem\source\repos\Thongtincanhan\Thongtincanhan\Thongtincanhan.cpp(27,15): error C2676: binary '>>': 'std::ostream' does not define this operator or a conversion to a type acceptable to the predefined operator
C:\Program Files\Microsoft Visual Studio\2022\Community\VC\Tools\MSVC\14.36.32532\include\istream(902,9): message : could be '_Istr &&std::operator >>(_Istr &&,_Ty &&)'
C:\Users\nglem\source\repos\Thongtincanhan\Thongtincanhan\Thongtincanhan.cpp(27,39): message : '_Istr &&std::operator >>(_Istr &&,_Ty &&)': could not deduce template argument for '__formal'
C:\Program Files\Microsoft Visual Studio\2022\Community\VC\Tools\MSVC\14.36.32532\include\istream(889,31): message : or       'std::basic_istream<char,_Traits> &std::operator >>(std::basic_istream<char,_Traits> &,unsigned char &)'
C:\Users\nglem\source\repos\Thongtincanhan\Thongtincanhan\Thongtincanhan.cpp(27,10): message : 'std::basic_istream<char,_Traits> &std::operator >>(std::basic_istream<char,_Traits> &,unsigned char &)': could not deduce template argument for 'std::basic_istream<char,_Traits> &' from 'std::ostream'
C:\Program Files\Microsoft Visual Studio\2022\Community\VC\Tools\MSVC\14.36.32532\include\istream(883,31): message : or       'std::basic_istream<char,_Traits> &std::operator >>(std::basic_istream<char,_Traits> &,signed char &)'
C:\Users\nglem\source\repos\Thongtincanhan\Thongtincanhan\Thongtincanhan.cpp(27,10): message : 'std::basic_istream<char,_Traits> &std::operator >>(std::basic_istream<char,_Traits> &,signed char &)': could not deduce template argument for 'std::basic_istream<char,_Traits> &' from 'std::ostream'
C:\Program Files\Microsoft Visual Studio\2022\Community\VC\Tools\MSVC\14.36.32532\include\istream(860,32): message : or       'std::basic_istream<_Elem,_Traits> &std::operator >>(std::basic_istream<_Elem,_Traits> &,_Elem &)'
C:\Users\nglem\source\repos\Thongtincanhan\Thongtincanhan\Thongtincanhan.cpp(27,10): message : 'std::basic_istream<_Elem,_Traits> &std::operator >>(std::basic_istream<_Elem,_Traits> &,_Elem &)': could not deduce template argument for 'std::basic_istream<_Elem,_Traits> &' from 'std::ostream'
C:\Program Files\Microsoft Visual Studio\2022\Community\VC\Tools\MSVC\14.36.32532\include\istream(854,31): message : or       'std::basic_istream<char,_Traits> &std::operator >>(std::basic_istream<char,_Traits> &,unsigned char *)'
C:\Users\nglem\source\repos\Thongtincanhan\Thongtincanhan\Thongtincanhan.cpp(27,10): message : 'std::basic_istream<char,_Traits> &std::operator >>(std::basic_istream<char,_Traits> &,unsigned char *)': could not deduce template argument for 'std::basic_istream<char,_Traits> &' from 'std::ostream'
C:\Program Files\Microsoft Visual Studio\2022\Community\VC\Tools\MSVC\14.36.32532\include\istream(849,31): message : or       'std::basic_istream<char,_Traits> &std::operator >>(std::basic_istream<char,_Traits> &,signed char *)'
C:\Users\nglem\source\repos\Thongtincanhan\Thongtincanhan\Thongtincanhan.cpp(27,10): message : 'std::basic_istream<char,_Traits> &std::operator >>(std::basic_istream<char,_Traits> &,signed char *)': could not deduce template argument for 'std::basic_istream<char,_Traits> &' from 'std::ostream'
C:\Program Files\Microsoft Visual Studio\2022\Community\VC\Tools\MSVC\14.36.32532\include\istream(844,32): message : or       'std::basic_istream<_Elem,_Traits> &std::operator >>(std::basic_istream<_Elem,_Traits> &,_Elem *)'
C:\Users\nglem\source\repos\Thongtincanhan\Thongtincanhan\Thongtincanhan.cpp(27,10): message : 'std::basic_istream<_Elem,_Traits> &std::operator >>(std::basic_istream<_Elem,_Traits> &,_Elem *)': could not deduce template argument for 'std::basic_istream<_Elem,_Traits> &' from 'std::ostream'
C:\Program Files\Microsoft Visual Studio\2022\Community\VC\Tools\MSVC\14.36.32532\include\xstring(5172,32): message : or       'std::basic_istream<_Elem,_Traits> &std::operator >>(std::basic_istream<_Elem,_Traits> &,std::basic_string<_Elem,_Traits,_Alloc> &)'
C:\Users\nglem\source\repos\Thongtincanhan\Thongtincanhan\Thongtincanhan.cpp(27,10): message : 'std::basic_istream<_Elem,_Traits> &std::operator >>(std::basic_istream<_Elem,_Traits> &,std::basic_string<_Elem,_Traits,_Alloc> &)': could not deduce template argument for 'std::basic_istream<_Elem,_Traits> &' from 'std::ostream'
C:\Users\nglem\source\repos\Thongtincanhan\Thongtincanhan\Thongtincanhan.cpp(28,15): error C2676: binary '>>': 'std::ostream' does not define this operator or a conversion to a type acceptable to the predefined operator
C:\Program Files\Microsoft Visual Studio\2022\Community\VC\Tools\MSVC\14.36.32532\include\istream(902,9): message : could be '_Istr &&std::operator >>(_Istr &&,_Ty &&)'
C:\Users\nglem\source\repos\Thongtincanhan\Thongtincanhan\Thongtincanhan.cpp(28,35): message : '_Istr &&std::operator >>(_Istr &&,_Ty &&)': could not deduce template argument for '__formal'
C:\Program Files\Microsoft Visual Studio\2022\Community\VC\Tools\MSVC\14.36.32532\include\istream(889,31): message : or       'std::basic_istream<char,_Traits> &std::operator >>(std::basic_istream<char,_Traits> &,unsigned char &)'
C:\Users\nglem\source\repos\Thongtincanhan\Thongtincanhan\Thongtincanhan.cpp(28,10): message : 'std::basic_istream<char,_Traits> &std::operator >>(std::basic_istream<char,_Traits> &,unsigned char &)': could not deduce template argument for 'std::basic_istream<char,_Traits> &' from 'std::ostream'
C:\Program Files\Microsoft Visual Studio\2022\Community\VC\Tools\MSVC\14.36.32532\include\istream(883,31): message : or       'std::basic_istream<char,_Traits> &std::operator >>(std::basic_istream<char,_Traits> &,signed char &)'
C:\Users\nglem\source\repos\Thongtincanhan\Thongtincanhan\Thongtincanhan.cpp(28,10): message : 'std::basic_istream<char,_Traits> &std::operator >>(std::basic_istream<char,_Traits> &,signed char &)': could not deduce template argument for 'std::basic_istream<char,_Traits> &' from 'std::ostream'
C:\Program Files\Microsoft Visual Studio\2022\Community\VC\Tools\MSVC\14.36.32532\include\istream(860,32): message : or       'std::basic_istream<_Elem,_Traits> &std::operator >>(std::basic_istream<_Elem,_Traits> &,_Elem &)'
C:\Users\nglem\source\repos\Thongtincanhan\Thongtincanhan\Thongtincanhan.cpp(28,10): message : 'std::basic_istream<_Elem,_Traits> &std::operator >>(std::basic_istream<_Elem,_Traits> &,_Elem &)': could not deduce template argument for 'std::basic_istream<_Elem,_Traits> &' from 'std::ostream'
C:\Program Files\Microsoft Visual Studio\2022\Community\VC\Tools\MSVC\14.36.32532\include\istream(854,31): message : or       'std::basic_istream<char,_Traits> &std::operator >>(std::basic_istream<char,_Traits> &,unsigned char *)'
C:\Users\nglem\source\repos\Thongtincanhan\Thongtincanhan\Thongtincanhan.cpp(28,10): message : 'std::basic_istream<char,_Traits> &std::operator >>(std::basic_istream<char,_Traits> &,unsigned char *)': could not deduce template argument for 'std::basic_istream<char,_Traits> &' from 'std::ostream'
C:\Program Files\Microsoft Visual Studio\2022\Community\VC\Tools\MSVC\14.36.32532\include\istream(849,31): message : or       'std::basic_istream<char,_Traits> &std::operator >>(std::basic_istream<char,_Traits> &,signed char *)'
C:\Users\nglem\source\repos\Thongtincanhan\Thongtincanhan\Thongtincanhan.cpp(28,10): message : 'std::basic_istream<char,_Traits> &std::operator >>(std::basic_istream<char,_Traits> &,signed char *)': could not deduce template argument for 'std::basic_istream<char,_Traits> &' from 'std::ostream'
C:\Program Files\Microsoft Visual Studio\2022\Community\VC\Tools\MSVC\14.36.32532\include\istream(844,32): message : or       'std::basic_istream<_Elem,_Traits> &std::operator >>(std::basic_istream<_Elem,_Traits> &,_Elem *)'
C:\Users\nglem\source\repos\Thongtincanhan\Thongtincanhan\Thongtincanhan.cpp(28,10): message : 'std::basic_istream<_Elem,_Traits> &std::operator >>(std::basic_istream<_Elem,_Traits> &,_Elem *)': could not deduce template argument for 'std::basic_istream<_Elem,_Traits> &' from 'std::ostream'
C:\Program Files\Microsoft Visual Studio\2022\Community\VC\Tools\MSVC\14.36.32532\include\xstring(5172,32): message : or       'std::basic_istream<_Elem,_Traits> &std::operator >>(std::basic_istream<_Elem,_Traits> &,std::basic_string<_Elem,_Traits,_Alloc> &)'
C:\Users\nglem\source\repos\Thongtincanhan\Thongtincanhan\Thongtincanhan.cpp(28,10): message : 'std::basic_istream<_Elem,_Traits> &std::operator >>(std::basic_istream<_Elem,_Traits> &,std::basic_string<_Elem,_Traits,_Alloc> &)': could not deduce template argument for 'std::basic_istream<_Elem,_Traits> &' from 'std::ostream'
C:\Users\nglem\source\repos\Thongtincanhan\Thongtincanhan\Thongtincanhan.cpp(29,15): error C2676: binary '>>': 'std::ostream' does not define this operator or a conversion to a type acceptable to the predefined operator
C:\Program Files\Microsoft Visual Studio\2022\Community\VC\Tools\MSVC\14.36.32532\include\istream(902,9): message : could be '_Istr &&std::operator >>(_Istr &&,_Ty &&)'
C:\Users\nglem\source\repos\Thongtincanhan\Thongtincanhan\Thongtincanhan.cpp(29,40): message : '_Istr &&std::operator >>(_Istr &&,_Ty &&)': could not deduce template argument for '__formal'
C:\Program Files\Microsoft Visual Studio\2022\Community\VC\Tools\MSVC\14.36.32532\include\istream(889,31): message : or       'std::basic_istream<char,_Traits> &std::operator >>(std::basic_istream<char,_Traits> &,unsigned char &)'
C:\Users\nglem\source\repos\Thongtincanhan\Thongtincanhan\Thongtincanhan.cpp(29,10): message : 'std::basic_istream<char,_Traits> &std::operator >>(std::basic_istream<char,_Traits> &,unsigned char &)': could not deduce template argument for 'std::basic_istream<char,_Traits> &' from 'std::ostream'
C:\Program Files\Microsoft Visual Studio\2022\Community\VC\Tools\MSVC\14.36.32532\include\istream(883,31): message : or       'std::basic_istream<char,_Traits> &std::operator >>(std::basic_istream<char,_Traits> &,signed char &)'
C:\Users\nglem\source\repos\Thongtincanhan\Thongtincanhan\Thongtincanhan.cpp(29,10): message : 'std::basic_istream<char,_Traits> &std::operator >>(std::basic_istream<char,_Traits> &,signed char &)': could not deduce template argument for 'std::basic_istream<char,_Traits> &' from 'std::ostream'
C:\Program Files\Microsoft Visual Studio\2022\Community\VC\Tools\MSVC\14.36.32532\include\istream(860,32): message : or       'std::basic_istream<_Elem,_Traits> &std::operator >>(std::basic_istream<_Elem,_Traits> &,_Elem &)'
C:\Users\nglem\source\repos\Thongtincanhan\Thongtincanhan\Thongtincanhan.cpp(29,10): message : 'std::basic_istream<_Elem,_Traits> &std::operator >>(std::basic_istream<_Elem,_Traits> &,_Elem &)': could not deduce template argument for 'std::basic_istream<_Elem,_Traits> &' from 'std::ostream'
C:\Program Files\Microsoft Visual Studio\2022\Community\VC\Tools\MSVC\14.36.32532\include\istream(854,31): message : or       'std::basic_istream<char,_Traits> &std::operator >>(std::basic_istream<char,_Traits> &,unsigned char *)'
C:\Users\nglem\source\repos\Thongtincanhan\Thongtincanhan\Thongtincanhan.cpp(29,10): message : 'std::basic_istream<char,_Traits> &std::operator >>(std::basic_istream<char,_Traits> &,unsigned char *)': could not deduce template argument for 'std::basic_istream<char,_Traits> &' from 'std::ostream'
C:\Program Files\Microsoft Visual Studio\2022\Community\VC\Tools\MSVC\14.36.32532\include\istream(849,31): message : or       'std::basic_istream<char,_Traits> &std::operator >>(std::basic_istream<char,_Traits> &,signed char *)'
C:\Users\nglem\source\repos\Thongtincanhan\Thongtincanhan\Thongtincanhan.cpp(29,10): message : 'std::basic_istream<char,_Traits> &std::operator >>(std::basic_istream<char,_Traits> &,signed char *)': could not deduce template argument for 'std::basic_istream<char,_Traits> &' from 'std::ostream'
C:\Program Files\Microsoft Visual Studio\2022\Community\VC\Tools\MSVC\14.36.32532\include\istream(844,32): message : or       'std::basic_istream<_Elem,_Traits> &std::operator >>(std::basic_istream<_Elem,_Traits> &,_Elem *)'
C:\Users\nglem\source\repos\Thongtincanhan\Thongtincanhan\Thongtincanhan.cpp(29,10): message : 'std::basic_istream<_Elem,_Traits> &std::operator >>(std::basic_istream<_Elem,_Traits> &,_Elem *)': could not deduce template argument for 'std::basic_istream<_Elem,_Traits> &' from 'std::ostream'
C:\Program Files\Microsoft Visual Studio\2022\Community\VC\Tools\MSVC\14.36.32532\include\xstring(5172,32): message : or       'std::basic_istream<_Elem,_Traits> &std::operator >>(std::basic_istream<_Elem,_Traits> &,std::basic_string<_Elem,_Traits,_Alloc> &)'
C:\Users\nglem\source\repos\Thongtincanhan\Thongtincanhan\Thongtincanhan.cpp(29,10): message : 'std::basic_istream<_Elem,_Traits> &std::operator >>(std::basic_istream<_Elem,_Traits> &,std::basic_string<_Elem,_Traits,_Alloc> &)': could not deduce template argument for 'std::basic_istream<_Elem,_Traits> &' from 'std::ostream'
